<?xml version="1.0" encoding="UTF-8"?>
<!-- Generated by org.testng.reporters.JUnitReportReporter -->
<testsuite hostname="Tanya-Laptop" name="com.example.tests.EntityCreationTests" tests="4" failures="0" timestamp="25 Jun 2015 12:08:31 GMT" time="6.275" errors="0">
  <testcase name="testEmptyEmptyGroupCreation" time="1.097" classname="com.example.tests.EntityCreationTests"/>
  <testcase name="testNonEmptyGroupCreation" time="1.004" classname="com.example.tests.EntityCreationTests"/>
  <testcase name="testNonEmptyContactCreation" time="2.229" classname="com.example.tests.EntityCreationTests"/>
  <testcase name="testEmptyContactCreation" time="1.945" classname="com.example.tests.EntityCreationTests"/>
</testsuite> <!-- com.example.tests.EntityCreationTests -->
