<?xml version="1.0" encoding="UTF-8"?>
<!-- Generated by org.testng.reporters.JUnitReportReporter -->
<testsuite hostname="Tanya-Laptop" name="com.example.tests.AlsoGroupCreationTests" tests="2" failures="0" timestamp="25 Jun 2015 08:35:27 GMT" time="1.873" errors="0">
  <testcase name="testNonEmptyGroupCreation" time="0.943" classname="com.example.tests.AlsoGroupCreationTests"/>
  <testcase name="testEmptyEmptyGroupCreation" time="0.930" classname="com.example.tests.AlsoGroupCreationTests"/>
</testsuite> <!-- com.example.tests.AlsoGroupCreationTests -->
