<?xml version="1.0" encoding="UTF-8"?>
<!-- Generated by org.testng.reporters.JUnitReportReporter -->
<testsuite hostname="Tanya-Laptop" name="com.example.tests.AlsoGroupCreationTests" tests="2" failures="0" timestamp="25 Jun 2015 11:54:59 GMT" time="1.898" errors="0">
  <testcase name="testNonEmptyGroupCreation" time="0.946" classname="com.example.tests.AlsoGroupCreationTests"/>
  <testcase name="testEmptyEmptyGroupCreation" time="0.952" classname="com.example.tests.AlsoGroupCreationTests"/>
</testsuite> <!-- com.example.tests.AlsoGroupCreationTests -->
