<?xml version="1.0" encoding="UTF-8"?>
<!-- Generated by org.testng.reporters.JUnitReportReporter -->
<testsuite hostname="Tanya-Laptop" name="com.example.tests.GroupCreationTests" tests="2" failures="0" timestamp="25 Jun 2015 08:35:27 GMT" time="2.197" errors="0">
  <testcase name="testEmptyEmptyGroupCreation" time="1.137" classname="com.example.tests.GroupCreationTests"/>
  <testcase name="testNonEmptyGroupCreation" time="1.060" classname="com.example.tests.GroupCreationTests"/>
</testsuite> <!-- com.example.tests.GroupCreationTests -->
